\BOOKMARK [1][-]{section.1}{\376\377\000I\000n\000t\000r\000o\000d\000u\000c\000t\000i\000o\000n}{}% 1
\BOOKMARK [2][-]{subsection.1.1}{\376\377\000P\000r\000o\000b\000l\000e\000m\000\040\000S\000t\000a\000t\000e\000m\000e\000n\000t}{section.1}% 2
\BOOKMARK [2][-]{subsection.1.2}{\376\377\000C\000o\000n\000t\000r\000i\000b\000u\000t\000i\000o\000n}{section.1}% 3
\BOOKMARK [1][-]{section.2}{\376\377\000B\000i\000o\000l\000o\000g\000i\000c\000a\000l\000\040\000Q\000u\000a\000n\000t\000u\000m\000\040\000C\000o\000m\000p\000u\000t\000i\000n\000g\000\040\000A\000r\000c\000h\000i\000t\000e\000c\000t\000u\000r\000e}{}% 4
\BOOKMARK [2][-]{subsection.2.1}{\376\377\000E\000n\000v\000i\000r\000o\000n\000m\000e\000n\000t\000-\000A\000s\000s\000i\000s\000t\000e\000d\000\040\000Q\000u\000a\000n\000t\000u\000m\000\040\000T\000r\000a\000n\000s\000p\000o\000r\000t\000\040\000F\000o\000u\000n\000d\000a\000t\000i\000o\000n}{section.2}% 5
\BOOKMARK [3][-]{subsubsection.2.1.1}{\376\377\000Q\000u\000a\000n\000t\000u\000m\000\040\000T\000u\000n\000n\000e\000l\000i\000n\000g\000\040\000M\000a\000t\000h\000e\000m\000a\000t\000i\000c\000a\000l\000\040\000F\000r\000a\000m\000e\000w\000o\000r\000k}{subsection.2.1}% 6
\BOOKMARK [3][-]{subsubsection.2.1.2}{\376\377\000I\000o\000n\000\040\000C\000h\000a\000n\000n\000e\000l\000\040\000Q\000u\000a\000n\000t\000u\000m\000\040\000S\000t\000a\000t\000e\000s}{subsection.2.1}% 7
\BOOKMARK [2][-]{subsection.2.2}{\376\377\000O\000s\000c\000i\000l\000l\000a\000t\000i\000o\000n\000\040\000E\000n\000d\000p\000o\000i\000n\000t\000\040\000H\000a\000r\000v\000e\000s\000t\000i\000n\000g}{section.2}% 8
\BOOKMARK [3][-]{subsubsection.2.2.1}{\376\377\000I\000n\000f\000o\000r\000m\000a\000t\000i\000o\000n\000\040\000E\000x\000t\000r\000a\000c\000t\000i\000o\000n\000\040\000P\000r\000o\000t\000o\000c\000o\000l}{subsection.2.2}% 9
\BOOKMARK [1][-]{section.3}{\376\377\000N\000e\000u\000r\000a\000l\000\040\000P\000r\000o\000c\000e\000s\000s\000i\000n\000g\000\040\000A\000r\000c\000h\000i\000t\000e\000c\000t\000u\000r\000e}{}% 10
\BOOKMARK [2][-]{subsection.3.1}{\376\377\000I\000n\000t\000e\000g\000r\000a\000t\000e\000d\000\040\000S\000u\000b\000s\000y\000s\000t\000e\000m\000\040\000O\000r\000g\000a\000n\000i\000z\000a\000t\000i\000o\000n}{section.3}% 11
\BOOKMARK [2][-]{subsection.3.2}{\376\377\000S\000i\000n\000g\000l\000e\000\040\000N\000e\000u\000r\000o\000n\000\040\000Q\000u\000a\000n\000t\000u\000m\000\040\000A\000r\000c\000h\000i\000t\000e\000c\000t\000u\000r\000e}{section.3}% 12
\BOOKMARK [3][-]{subsubsection.3.2.1}{\376\377\000N\000e\000u\000r\000o\000n\000\040\000E\000n\000e\000r\000g\000y\000\040\000C\000o\000n\000s\000t\000r\000a\000i\000n\000t\000s}{subsection.3.2}% 13
\BOOKMARK [2][-]{subsection.3.3}{\376\377\000P\000r\000o\000c\000e\000s\000s\000i\000n\000g\000\040\000S\000t\000a\000g\000e\000\040\000O\000r\000g\000a\000n\000i\000z\000a\000t\000i\000o\000n}{section.3}% 14
\BOOKMARK [1][-]{section.4}{\376\377\000D\000e\000t\000a\000i\000l\000e\000d\000\040\000S\000u\000b\000s\000y\000s\000t\000e\000m\000\040\000I\000m\000p\000l\000e\000m\000e\000n\000t\000a\000t\000i\000o\000n}{}% 15
\BOOKMARK [2][-]{subsection.4.1}{\376\377\000O\000s\000c\000i\000l\000l\000a\000t\000o\000r\000y\000\040\000B\000i\000o\000-\000M\000e\000t\000a\000b\000o\000l\000i\000c\000\040\000R\000A\000G\000\040\000S\000y\000s\000t\000e\000m}{section.4}% 16
\BOOKMARK [3][-]{subsubsection.4.1.1}{\376\377\000F\000i\000r\000e\000-\000E\000v\000o\000l\000v\000e\000d\000\040\000C\000o\000n\000s\000c\000i\000o\000u\000s\000n\000e\000s\000s\000\040\000S\000u\000b\000s\000t\000r\000a\000t\000e}{subsection.4.1}% 17
\BOOKMARK [3][-]{subsubsection.4.1.2}{\376\377\000O\000s\000c\000i\000l\000l\000a\000t\000o\000r\000y\000\040\000D\000y\000n\000a\000m\000i\000c\000s\000\040\000E\000n\000g\000i\000n\000e}{subsection.4.1}% 18
\BOOKMARK [2][-]{subsection.4.2}{\376\377\000M\000e\000m\000b\000r\000a\000n\000e\000\040\000D\000y\000n\000a\000m\000i\000c\000s\000\040\000S\000y\000s\000t\000e\000m}{section.4}% 19
\BOOKMARK [3][-]{subsubsection.4.2.1}{\376\377\000O\000s\000c\000i\000l\000l\000a\000t\000o\000r\000y\000\040\000E\000n\000t\000r\000o\000p\000y\000\040\000F\000r\000a\000m\000e\000w\000o\000r\000k}{subsection.4.2}% 20
\BOOKMARK [3][-]{subsubsection.4.2.2}{\376\377\000H\000a\000r\000d\000w\000a\000r\000e\000\040\000O\000s\000c\000i\000l\000l\000a\000t\000i\000o\000n\000\040\000H\000a\000r\000v\000e\000s\000t\000i\000n\000g}{subsection.4.2}% 21
\BOOKMARK [3][-]{subsubsection.4.2.3}{\376\377\000P\000i\000x\000e\000l\000\040\000N\000o\000i\000s\000e\000\040\000O\000p\000t\000i\000m\000i\000z\000a\000t\000i\000o\000n}{subsection.4.2}% 22
\BOOKMARK [2][-]{subsection.4.3}{\376\377\000I\000n\000t\000r\000a\000c\000e\000l\000l\000u\000l\000a\000r\000\040\000D\000y\000n\000a\000m\000i\000c\000s\000\040\000E\000n\000g\000i\000n\000e}{section.4}% 23
\BOOKMARK [3][-]{subsubsection.4.3.1}{\376\377\000A\000T\000P\000-\000C\000o\000n\000s\000t\000r\000a\000i\000n\000e\000d\000\040\000D\000i\000f\000f\000e\000r\000e\000n\000t\000i\000a\000l\000\040\000E\000q\000u\000a\000t\000i\000o\000n\000s}{subsection.4.3}% 24
\BOOKMARK [3][-]{subsubsection.4.3.2}{\376\377\000B\000i\000o\000l\000o\000g\000i\000c\000a\000l\000\040\000M\000a\000x\000w\000e\000l\000l\000'\000s\000\040\000D\000e\000m\000o\000n\000s\000\040\000\050\000B\000M\000D\000s\000\051}{subsection.4.3}% 25
\BOOKMARK [2][-]{subsection.4.4}{\376\377\000N\000e\000u\000r\000a\000l\000\040\000I\000n\000t\000e\000r\000f\000a\000c\000e\000\040\000S\000y\000s\000t\000e\000m}{section.4}% 26
\BOOKMARK [3][-]{subsubsection.4.4.1}{\376\377\000M\000u\000l\000t\000i\000p\000l\000e\000\040\000A\000c\000t\000i\000v\000a\000t\000i\000o\000n\000\040\000F\000u\000n\000c\000t\000i\000o\000n\000s}{subsection.4.4}% 27
\BOOKMARK [3][-]{subsubsection.4.4.2}{\376\377\000C\000o\000n\000s\000c\000i\000o\000u\000s\000n\000e\000s\000s\000\040\000E\000m\000e\000r\000g\000e\000n\000c\000e\000\040\000M\000o\000d\000e\000l\000i\000n\000g}{subsection.4.4}% 28
\BOOKMARK [1][-]{section.5}{\376\377\000B\000i\000o\000l\000o\000g\000i\000c\000a\000l\000\040\000M\000a\000x\000w\000e\000l\000l\000\040\000D\000e\000m\000o\000n\000\040\000I\000m\000p\000l\000e\000m\000e\000n\000t\000a\000t\000i\000o\000n}{}% 29
\BOOKMARK [2][-]{subsection.5.1}{\376\377\000M\000o\000l\000e\000c\000u\000l\000a\000r\000\040\000M\000a\000c\000h\000i\000n\000e\000r\000y\000\040\000A\000r\000c\000h\000i\000t\000e\000c\000t\000u\000r\000e}{section.5}% 30
\BOOKMARK [3][-]{subsubsection.5.1.1}{\376\377\000T\000h\000e\000r\000m\000o\000d\000y\000n\000a\000m\000i\000c\000\040\000C\000o\000n\000s\000t\000r\000a\000i\000n\000t\000s}{subsection.5.1}% 31
\BOOKMARK [2][-]{subsection.5.2}{\376\377\000I\000n\000f\000o\000r\000m\000a\000t\000i\000o\000n\000\040\000P\000r\000o\000c\000e\000s\000s\000i\000n\000g\000\040\000M\000e\000c\000h\000a\000n\000i\000s\000m}{section.5}% 32
\BOOKMARK [1][-]{section.6}{\376\377\000T\000h\000o\000u\000g\000h\000t\000\040\000C\000u\000r\000r\000e\000n\000t\000\040\000M\000o\000d\000e\000l\000i\000n\000g}{}% 33
\BOOKMARK [2][-]{subsection.6.1}{\376\377\000Q\000u\000a\000n\000t\000u\000m\000\040\000I\000n\000f\000o\000r\000m\000a\000t\000i\000o\000n\000\040\000F\000l\000o\000w}{section.6}% 34
\BOOKMARK [3][-]{subsubsection.6.1.1}{\376\377\000C\000u\000r\000r\000e\000n\000t\000\040\000C\000o\000n\000s\000e\000r\000v\000a\000t\000i\000o\000n\000\040\000L\000a\000w\000s}{subsection.6.1}% 35
\BOOKMARK [3][-]{subsubsection.6.1.2}{\376\377\000C\000u\000r\000r\000e\000n\000t\000\040\000M\000e\000a\000s\000u\000r\000e\000m\000e\000n\000t\000\040\000M\000e\000t\000r\000i\000c\000s}{subsection.6.1}% 36
\BOOKMARK [2][-]{subsection.6.2}{\376\377\000C\000u\000r\000r\000e\000n\000t\000\040\000D\000e\000f\000i\000n\000i\000t\000i\000o\000n\000\040\000a\000n\000d\000\040\000P\000r\000o\000p\000e\000r\000t\000i\000e\000s}{section.6}% 37
\BOOKMARK [1][-]{section.7}{\376\377\000M\000e\000t\000a\000c\000o\000g\000n\000i\000t\000i\000v\000e\000\040\000O\000r\000c\000h\000e\000s\000t\000r\000a\000t\000o\000r}{}% 38
\BOOKMARK [2][-]{subsection.7.1}{\376\377\000B\000a\000y\000e\000s\000i\000a\000n\000\040\000N\000e\000t\000w\000o\000r\000k\000\040\000A\000r\000c\000h\000i\000t\000e\000c\000t\000u\000r\000e}{section.7}% 39
\BOOKMARK [3][-]{subsubsection.7.1.1}{\376\377\000N\000e\000t\000w\000o\000r\000k\000\040\000S\000t\000r\000u\000c\000t\000u\000r\000e}{subsection.7.1}% 40
\BOOKMARK [3][-]{subsubsection.7.1.2}{\376\377\000C\000o\000n\000d\000i\000t\000i\000o\000n\000a\000l\000\040\000P\000r\000o\000b\000a\000b\000i\000l\000i\000t\000y\000\040\000D\000i\000s\000t\000r\000i\000b\000u\000t\000i\000o\000n\000s}{subsection.7.1}% 41
\BOOKMARK [2][-]{subsection.7.2}{\376\377\000M\000e\000t\000a\000c\000o\000g\000n\000i\000t\000i\000v\000e\000\040\000M\000o\000n\000i\000t\000o\000r\000i\000n\000g}{section.7}% 42
\BOOKMARK [3][-]{subsubsection.7.2.1}{\376\377\000P\000r\000o\000c\000e\000s\000s\000\040\000A\000w\000a\000r\000e\000n\000e\000s\000s}{subsection.7.2}% 43
\BOOKMARK [3][-]{subsubsection.7.2.2}{\376\377\000K\000n\000o\000w\000l\000e\000d\000g\000e\000\040\000A\000w\000a\000r\000e\000n\000e\000s\000s}{subsection.7.2}% 44
\BOOKMARK [3][-]{subsubsection.7.2.3}{\376\377\000G\000a\000p\000\040\000A\000w\000a\000r\000e\000n\000e\000s\000s}{subsection.7.2}% 45
\BOOKMARK [3][-]{subsubsection.7.2.4}{\376\377\000D\000e\000c\000i\000s\000i\000o\000n\000\040\000A\000w\000a\000r\000e\000n\000e\000s\000s}{subsection.7.2}% 46
\BOOKMARK [1][-]{section.8}{\376\377\000A\000u\000t\000o\000n\000o\000m\000o\000u\000s\000\040\000C\000o\000m\000p\000u\000t\000a\000t\000i\000o\000n\000a\000l\000\040\000O\000r\000c\000h\000e\000s\000t\000r\000a\000t\000i\000o\000n}{}% 47
\BOOKMARK [2][-]{subsection.8.1}{\376\377\000L\000a\000n\000g\000u\000a\000g\000e\000-\000A\000g\000n\000o\000s\000t\000i\000c\000\040\000P\000r\000o\000b\000l\000e\000m\000\040\000S\000o\000l\000v\000i\000n\000g}{section.8}% 48
\BOOKMARK [3][-]{subsubsection.8.1.1}{\376\377\000M\000u\000l\000t\000i\000-\000L\000a\000n\000g\000u\000a\000g\000e\000\040\000D\000e\000c\000i\000s\000i\000o\000n\000\040\000M\000a\000t\000r\000i\000x}{subsection.8.1}% 49
\BOOKMARK [3][-]{subsubsection.8.1.2}{\376\377\000A\000u\000t\000o\000n\000o\000m\000o\000u\000s\000\040\000T\000o\000o\000l\000\040\000S\000e\000l\000e\000c\000t\000i\000o\000n}{subsection.8.1}% 50
\BOOKMARK [2][-]{subsection.8.2}{\376\377\000A\000u\000t\000o\000n\000o\000m\000o\000u\000s\000\040\000I\000n\000s\000t\000a\000l\000l\000a\000t\000i\000o\000n\000\040\000a\000n\000d\000\040\000C\000o\000n\000f\000i\000g\000u\000r\000a\000t\000i\000o\000n}{section.8}% 51
\BOOKMARK [3][-]{subsubsection.8.2.1}{\376\377\000P\000a\000c\000k\000a\000g\000e\000\040\000M\000a\000n\000a\000g\000e\000m\000e\000n\000t\000\040\000O\000r\000c\000h\000e\000s\000t\000r\000a\000t\000i\000o\000n}{subsection.8.2}% 52
\BOOKMARK [3][-]{subsubsection.8.2.2}{\376\377\000P\000e\000r\000f\000o\000r\000m\000a\000n\000c\000e\000\040\000O\000p\000t\000i\000m\000i\000z\000a\000t\000i\000o\000n}{subsection.8.2}% 53
\BOOKMARK [1][-]{section.9}{\376\377\000C\000o\000m\000p\000l\000e\000t\000e\000\040\000S\000y\000s\000t\000e\000m\000\040\000I\000n\000t\000e\000g\000r\000a\000t\000i\000o\000n}{}% 54
\BOOKMARK [2][-]{subsection.9.1}{\376\377\000E\000i\000g\000h\000t\000-\000S\000t\000a\000g\000e\000\040\000B\000i\000o\000l\000o\000g\000i\000c\000a\000l\000\040\000Q\000u\000a\000n\000t\000u\000m\000\040\000N\000e\000t\000w\000o\000r\000k}{section.9}% 55
\BOOKMARK [2][-]{subsection.9.2}{\376\377\000T\000h\000o\000u\000g\000h\000t\000\040\000C\000u\000r\000r\000e\000n\000t\000\040\000N\000e\000t\000w\000o\000r\000k\000s}{section.9}% 56
\BOOKMARK [1][-]{section.10}{\376\377\000T\000e\000c\000h\000n\000i\000c\000a\000l\000\040\000S\000p\000e\000c\000i\000f\000i\000c\000a\000t\000i\000o\000n\000s}{}% 57
\BOOKMARK [2][-]{subsection.10.1}{\376\377\000M\000e\000a\000s\000u\000r\000a\000b\000l\000e\000\040\000Q\000u\000a\000n\000t\000u\000m\000\040\000P\000a\000r\000a\000m\000e\000t\000e\000r\000s}{section.10}% 58
\BOOKMARK [2][-]{subsection.10.2}{\376\377\000P\000h\000y\000s\000i\000c\000a\000l\000\040\000Q\000u\000a\000n\000t\000u\000m\000\040\000G\000a\000t\000e\000s}{section.10}% 59
\BOOKMARK [2][-]{subsection.10.3}{\376\377\000C\000o\000m\000p\000r\000e\000h\000e\000n\000s\000i\000v\000e\000\040\000P\000e\000r\000f\000o\000r\000m\000a\000n\000c\000e\000\040\000M\000e\000t\000r\000i\000c\000s}{section.10}% 60
\BOOKMARK [3][-]{subsubsection.10.3.1}{\376\377\000C\000o\000m\000p\000u\000t\000a\000t\000i\000o\000n\000a\000l\000\040\000P\000e\000r\000f\000o\000r\000m\000a\000n\000c\000e}{subsection.10.3}% 61
\BOOKMARK [3][-]{subsubsection.10.3.2}{\376\377\000B\000i\000o\000l\000o\000g\000i\000c\000a\000l\000\040\000S\000y\000s\000t\000e\000m\000\040\000M\000e\000t\000r\000i\000c\000s}{subsection.10.3}% 62
\BOOKMARK [3][-]{subsubsection.10.3.3}{\376\377\000H\000a\000r\000d\000w\000a\000r\000e\000\040\000I\000n\000t\000e\000g\000r\000a\000t\000i\000o\000n\000\040\000M\000e\000t\000r\000i\000c\000s}{subsection.10.3}% 63
\BOOKMARK [3][-]{subsubsection.10.3.4}{\376\377\000A\000d\000v\000a\000n\000c\000e\000d\000\040\000S\000y\000s\000t\000e\000m\000\040\000C\000a\000p\000a\000b\000i\000l\000i\000t\000i\000e\000s}{subsection.10.3}% 64
\BOOKMARK [1][-]{section.11}{\376\377\000E\000x\000p\000e\000r\000i\000m\000e\000n\000t\000a\000l\000\040\000V\000a\000l\000i\000d\000a\000t\000i\000o\000n}{}% 65
\BOOKMARK [2][-]{subsection.11.1}{\376\377\000Q\000u\000a\000n\000t\000u\000m\000\040\000S\000t\000a\000t\000e\000\040\000V\000e\000r\000i\000f\000i\000c\000a\000t\000i\000o\000n}{section.11}% 66
\BOOKMARK [2][-]{subsection.11.2}{\376\377\000B\000i\000o\000l\000o\000g\000i\000c\000a\000l\000\040\000V\000a\000l\000i\000d\000a\000t\000i\000o\000n\000\040\000P\000r\000o\000t\000o\000c\000o\000l\000s}{section.11}% 67
\BOOKMARK [1][-]{section.12}{\376\377\000C\000o\000n\000c\000l\000u\000s\000i\000o\000n}{}% 68
\BOOKMARK [1][-]{section.13}{\376\377\000R\000e\000f\000e\000r\000e\000n\000c\000e\000s}{}% 69
